# JRE version: OpenJDK Runtime Environment (17.0.6) (build 17.0.6+0-b2043.56-9586694)
# Java VM: OpenJDK 64-Bit Server VM (17.0.6+0-b2043.56-9586694, mixed mode, tiered, compressed oops, compressed class ptrs, g1 gc, windows-amd64)
GC Precious Log:
 CPUs: 4 total, 4 available
 Memory: 8067M
 Large Page Support: Disabled
 NUMA Support: Disabled
 Compressed Oops: Enabled (32-bit)
 Heap Region Size: 1M
 Heap Min Capacity: 8M
 Heap Initial Capacity: 128M
 Heap Max Capacity: 2G
 Pre-touch: Disabled
 Parallel Workers: 4
 Concurrent Workers: 1
 Concurrent Refinement Workers: 4
 Periodic GC: Disabled
Heap:
 garbage-first heap   total 102400K, used 56202K [0x0000000080000000, 0x0000000100000000)
  region size 1024K, 1 young (1024K), 1 survivors (1024K)
 Metaspace       used 63687K, committed 64192K, reserved 1105920K
  class space    used 8348K, committed 8576K, reserved 1048576K
GC Heap History (20 events):
Event: 11.445 GC heap after
{Heap after GC invocations=13 (full 0):
 garbage-first heap   total 82944K, used 33315K [0x0000000080000000, 0x0000000100000000)
  region size 1024K, 3 young (3072K), 3 survivors (3072K)
 Metaspace       used 47424K, committed 47808K, reserved 1097728K
  class space    used 6232K, committed 6400K, reserved 1048576K
}
Event: 12.180 GC heap before
{Heap before GC invocations=13 (full 0):
 garbage-first heap   total 82944K, used 60963K [0x0000000080000000, 0x0000000100000000)
  region size 1024K, 30 young (30720K), 3 survivors (3072K)
 Metaspace       used 50824K, committed 51264K, reserved 1097728K
  class space    used 6739K, committed 6912K, reserved 1048576K
}
Event: 12.186 GC heap after
{Heap after GC invocations=14 (full 0):
 garbage-first heap   total 82944K, used 34448K [0x0000000080000000, 0x0000000100000000)
  region size 1024K, 4 young (4096K), 4 survivors (4096K)
 Metaspace       used 50824K, committed 51264K, reserved 1097728K
  class space    used 6739K, committed 6912K, reserved 1048576K
}
Event: 40.323 GC heap before
{Heap before GC invocations=14 (full 0):
 garbage-first heap   total 82944K, used 61072K [0x0000000080000000, 0x0000000100000000)
  region size 1024K, 31 young (31744K), 4 survivors (4096K)
 Metaspace       used 55899K, committed 56320K, reserved 1097728K
  class space    used 7341K, committed 7552K, reserved 1048576K
}
Event: 40.336 GC heap after
{Heap after GC invocations=15 (full 0):
 garbage-first heap   total 82944K, used 37855K [0x0000000080000000, 0x0000000100000000)
  region size 1024K, 4 young (4096K), 4 survivors (4096K)
 Metaspace       used 55899K, committed 56320K, reserved 1097728K
  class space    used 7341K, committed 7552K, reserved 1048576K
}
Event: 43.665 GC heap before
{Heap before GC invocations=15 (full 0):
 garbage-first heap   total 82944K, used 65503K [0x0000000080000000, 0x0000000100000000)
  region size 1024K, 29 young (29696K), 4 survivors (4096K)
 Metaspace       used 58928K, committed 59392K, reserved 1105920K
  class space    used 7728K, committed 7936K, reserved 1048576K
}
Event: 43.675 GC heap after
{Heap after GC invocations=16 (full 0):
 garbage-first heap   total 82944K, used 44039K [0x0000000080000000, 0x0000000100000000)
  region size 1024K, 4 young (4096K), 4 survivors (4096K)
 Metaspace       used 58928K, committed 59392K, reserved 1105920K
  class space    used 7728K, committed 7936K, reserved 1048576K
}
Event: 43.751 GC heap before
{Heap before GC invocations=16 (full 0):
 garbage-first heap   total 82944K, used 45063K [0x0000000080000000, 0x0000000100000000)
  region size 1024K, 6 young (6144K), 4 survivors (4096K)
 Metaspace       used 59038K, committed 59520K, reserved 1105920K
  class space    used 7740K, committed 7936K, reserved 1048576K
}
Event: 43.757 GC heap after
{Heap after GC invocations=17 (full 0):
 garbage-first heap   total 82944K, used 45507K [0x0000000080000000, 0x0000000100000000)
  region size 1024K, 2 young (2048K), 2 survivors (2048K)
 Metaspace       used 59038K, committed 59520K, reserved 1105920K
  class space    used 7740K, committed 7936K, reserved 1048576K
}
Event: 44.006 GC heap before
{Heap before GC invocations=18 (full 0):
 garbage-first heap   total 82944K, used 47555K [0x0000000080000000, 0x0000000100000000)
  region size 1024K, 5 young (5120K), 2 survivors (2048K)
 Metaspace       used 59040K, committed 59520K, reserved 1105920K
  class space    used 7742K, committed 7936K, reserved 1048576K
}
Event: 44.009 GC heap after
{Heap after GC invocations=19 (full 0):
 garbage-first heap   total 82944K, used 47962K [0x0000000080000000, 0x0000000100000000)
  region size 1024K, 2 young (2048K), 2 survivors (2048K)
 Metaspace       used 59040K, committed 59520K, reserved 1105920K
  class space    used 7742K, committed 7936K, reserved 1048576K
}
Event: 44.633 GC heap before
{Heap before GC invocations=20 (full 0):
 garbage-first heap   total 91136K, used 62298K [0x0000000080000000, 0x0000000100000000)
  region size 1024K, 12 young (12288K), 2 survivors (2048K)
 Metaspace       used 59870K, committed 60352K, reserved 1105920K
  class space    used 7847K, committed 8064K, reserved 1048576K
}
Event: 44.637 GC heap after
{Heap after GC invocations=21 (full 0):
 garbage-first heap   total 91136K, used 55611K [0x0000000080000000, 0x0000000100000000)
  region size 1024K, 2 young (2048K), 2 survivors (2048K)
 Metaspace       used 59870K, committed 60352K, reserved 1105920K
  class space    used 7847K, committed 8064K, reserved 1048576K
}
Event: 44.702 GC heap before
{Heap before GC invocations=21 (full 0):
 garbage-first heap   total 91136K, used 57659K [0x0000000080000000, 0x0000000100000000)
  region size 1024K, 4 young (4096K), 2 survivors (2048K)
 Metaspace       used 60101K, committed 60544K, reserved 1105920K
  class space    used 7880K, committed 8064K, reserved 1048576K
}
Event: 44.707 GC heap after
{Heap after GC invocations=22 (full 0):
 garbage-first heap   total 91136K, used 55856K [0x0000000080000000, 0x0000000100000000)
  region size 1024K, 1 young (1024K), 1 survivors (1024K)
 Metaspace       used 60101K, committed 60544K, reserved 1105920K
  class space    used 7880K, committed 8064K, reserved 1048576K
}
Event: 45.197 GC heap before
{Heap before GC invocations=22 (full 0):
 garbage-first heap   total 91136K, used 66096K [0x0000000080000000, 0x0000000100000000)
  region size 1024K, 11 young (11264K), 1 survivors (1024K)
 Metaspace       used 61440K, committed 61952K, reserved 1105920K
  class space    used 8078K, committed 8320K, reserved 1048576K
}
Event: 45.200 GC heap after
{Heap after GC invocations=23 (full 0):
 garbage-first heap   total 91136K, used 56221K [0x0000000080000000, 0x0000000100000000)
  region size 1024K, 1 young (1024K), 1 survivors (1024K)
 Metaspace       used 61440K, committed 61952K, reserved 1105920K
  class space    used 8078K, committed 8320K, reserved 1048576K
}
Event: 45.789 GC heap before
{Heap before GC invocations=24 (full 0):
 garbage-first heap   total 102400K, used 67485K [0x0000000080000000, 0x0000000100000000)
  region size 1024K, 12 young (12288K), 1 survivors (1024K)
 Metaspace       used 62950K, committed 63424K, reserved 1105920K
  class space    used 8293K, committed 8512K, reserved 1048576K
}
Event: 45.793 GC heap after
{Heap after GC invocations=25 (full 0):
 garbage-first heap   total 102400K, used 56783K [0x0000000080000000, 0x0000000100000000)
  region size 1024K, 2 young (2048K), 2 survivors (2048K)
 Metaspace       used 62950K, committed 63424K, reserved 1105920K
  class space    used 8293K, committed 8512K, reserved 1048576K
}
Event: 45.973 GC heap before
{Heap before GC invocations=25 (full 0):
 garbage-first heap   total 102400K, used 58831K [0x0000000080000000, 0x0000000100000000)
  region size 1024K, 5 young (5120K), 2 survivors (2048K)
 Metaspace       used 63687K, committed 64192K, reserved 1105920K
  class space    used 8348K, committed 8576K, reserved 1048576K
}

