# JRE version: OpenJDK Runtime Environment (17.0.6) (build 17.0.6+0-b2043.56-9586694)
# Java VM: OpenJDK 64-Bit Server VM (17.0.6+0-b2043.56-9586694, mixed mode, tiered, compressed oops, compressed class ptrs, g1 gc, windows-amd64)
GC Precious Log:
 CPUs: 4 total, 4 available
 Memory: 8067M
 Large Page Support: Disabled
 NUMA Support: Disabled
 Compressed Oops: Enabled (32-bit)
 Heap Region Size: 1M
 Heap Min Capacity: 8M
 Heap Initial Capacity: 128M
 Heap Max Capacity: 2G
 Pre-touch: Disabled
 Parallel Workers: 4
 Concurrent Workers: 1
 Concurrent Refinement Workers: 4
 Periodic GC: Disabled
Heap:
 garbage-first heap   total 475136K, used 231424K [0x0000000080000000, 0x0000000100000000)
  region size 1024K, 76 young (77824K), 6 survivors (6144K)
 Metaspace       used 106115K, committed 106816K, reserved 1146880K
  class space    used 14565K, committed 14912K, reserved 1048576K
GC Heap History (20 events):
Event: 36.008 GC heap before
{Heap before GC invocations=47 (full 0):
 garbage-first heap   total 156672K, used 126011K [0x0000000080000000, 0x0000000100000000)
  region size 1024K, 51 young (52224K), 5 survivors (5120K)
 Metaspace       used 91139K, committed 91776K, reserved 1130496K
  class space    used 12389K, committed 12672K, reserved 1048576K
}
Event: 36.027 GC heap after
{Heap after GC invocations=48 (full 0):
 garbage-first heap   total 188416K, used 85918K [0x0000000080000000, 0x0000000100000000)
  region size 1024K, 7 young (7168K), 7 survivors (7168K)
 Metaspace       used 91139K, committed 91776K, reserved 1130496K
  class space    used 12389K, committed 12672K, reserved 1048576K
}
Event: 37.972 GC heap before
{Heap before GC invocations=49 (full 0):
 garbage-first heap   total 188416K, used 150430K [0x0000000080000000, 0x0000000100000000)
  region size 1024K, 71 young (72704K), 7 survivors (7168K)
 Metaspace       used 93532K, committed 94208K, reserved 1130496K
  class space    used 12821K, committed 13120K, reserved 1048576K
}
Event: 37.992 GC heap after
{Heap after GC invocations=50 (full 0):
 garbage-first heap   total 188416K, used 92384K [0x0000000080000000, 0x0000000100000000)
  region size 1024K, 7 young (7168K), 7 survivors (7168K)
 Metaspace       used 93532K, committed 94208K, reserved 1130496K
  class space    used 12821K, committed 13120K, reserved 1048576K
}
Event: 38.034 GC heap before
{Heap before GC invocations=50 (full 0):
 garbage-first heap   total 188416K, used 93408K [0x0000000080000000, 0x0000000100000000)
  region size 1024K, 9 young (9216K), 7 survivors (7168K)
 Metaspace       used 93553K, committed 94208K, reserved 1130496K
  class space    used 12821K, committed 13120K, reserved 1048576K
}
Event: 38.047 GC heap after
{Heap after GC invocations=51 (full 0):
 garbage-first heap   total 188416K, used 93039K [0x0000000080000000, 0x0000000100000000)
  region size 1024K, 1 young (1024K), 1 survivors (1024K)
 Metaspace       used 93553K, committed 94208K, reserved 1130496K
  class space    used 12821K, committed 13120K, reserved 1048576K
}
Event: 40.185 GC heap before
{Heap before GC invocations=51 (full 0):
 garbage-first heap   total 188416K, used 149359K [0x0000000080000000, 0x0000000100000000)
  region size 1024K, 57 young (58368K), 1 survivors (1024K)
 Metaspace       used 98188K, committed 98816K, reserved 1138688K
  class space    used 13343K, committed 13632K, reserved 1048576K
}
Event: 40.203 GC heap after
{Heap after GC invocations=52 (full 0):
 garbage-first heap   total 188416K, used 96767K [0x0000000080000000, 0x0000000100000000)
  region size 1024K, 5 young (5120K), 5 survivors (5120K)
 Metaspace       used 98188K, committed 98816K, reserved 1138688K
  class space    used 13343K, committed 13632K, reserved 1048576K
}
Event: 42.346 GC heap before
{Heap before GC invocations=53 (full 0):
 garbage-first heap   total 188416K, used 162303K [0x0000000080000000, 0x0000000100000000)
  region size 1024K, 59 young (60416K), 5 survivors (5120K)
 Metaspace       used 98947K, committed 99648K, reserved 1138688K
  class space    used 13428K, committed 13760K, reserved 1048576K
}
Event: 42.364 GC heap after
{Heap after GC invocations=54 (full 0):
 garbage-first heap   total 188416K, used 114829K [0x0000000080000000, 0x0000000100000000)
  region size 1024K, 7 young (7168K), 7 survivors (7168K)
 Metaspace       used 98947K, committed 99648K, reserved 1138688K
  class space    used 13428K, committed 13760K, reserved 1048576K
}
Event: 42.550 GC heap before
{Heap before GC invocations=54 (full 0):
 garbage-first heap   total 188416K, used 116877K [0x0000000080000000, 0x0000000100000000)
  region size 1024K, 9 young (9216K), 7 survivors (7168K)
 Metaspace       used 99077K, committed 99712K, reserved 1138688K
  class space    used 13446K, committed 13760K, reserved 1048576K
}
Event: 42.561 GC heap after
{Heap after GC invocations=55 (full 0):
 garbage-first heap   total 188416K, used 114353K [0x0000000080000000, 0x0000000100000000)
  region size 1024K, 1 young (1024K), 1 survivors (1024K)
 Metaspace       used 99077K, committed 99712K, reserved 1138688K
  class space    used 13446K, committed 13760K, reserved 1048576K
}
Event: 43.871 GC heap before
{Heap before GC invocations=55 (full 0):
 garbage-first heap   total 188416K, used 177841K [0x0000000080000000, 0x0000000100000000)
  region size 1024K, 37 young (37888K), 1 survivors (1024K)
 Metaspace       used 102137K, committed 102848K, reserved 1138688K
  class space    used 13860K, committed 14208K, reserved 1048576K
}
Event: 43.880 GC heap after
{Heap after GC invocations=56 (full 0):
 garbage-first heap   total 188416K, used 130090K [0x0000000080000000, 0x0000000100000000)
  region size 1024K, 5 young (5120K), 5 survivors (5120K)
 Metaspace       used 102137K, committed 102848K, reserved 1138688K
  class space    used 13860K, committed 14208K, reserved 1048576K
}
Event: 44.607 GC heap before
{Heap before GC invocations=57 (full 0):
 garbage-first heap   total 232448K, used 152618K [0x0000000080000000, 0x0000000100000000)
  region size 1024K, 28 young (28672K), 5 survivors (5120K)
 Metaspace       used 102862K, committed 103552K, reserved 1138688K
  class space    used 13963K, committed 14272K, reserved 1048576K
}
Event: 44.629 GC heap after
{Heap after GC invocations=58 (full 0):
 garbage-first heap   total 232448K, used 138109K [0x0000000080000000, 0x0000000100000000)
  region size 1024K, 4 young (4096K), 4 survivors (4096K)
 Metaspace       used 102862K, committed 103552K, reserved 1138688K
  class space    used 13963K, committed 14272K, reserved 1048576K
}
Event: 44.696 GC heap before
{Heap before GC invocations=58 (full 0):
 garbage-first heap   total 232448K, used 144253K [0x0000000080000000, 0x0000000100000000)
  region size 1024K, 11 young (11264K), 4 survivors (4096K)
 Metaspace       used 102863K, committed 103552K, reserved 1138688K
  class space    used 13963K, committed 14272K, reserved 1048576K
}
Event: 44.712 GC heap after
{Heap after GC invocations=59 (full 0):
 garbage-first heap   total 232448K, used 141004K [0x0000000080000000, 0x0000000100000000)
  region size 1024K, 2 young (2048K), 2 survivors (2048K)
 Metaspace       used 102863K, committed 103552K, reserved 1138688K
  class space    used 13963K, committed 14272K, reserved 1048576K
}
Event: 46.155 GC heap before
{Heap before GC invocations=59 (full 0):
 garbage-first heap   total 232448K, used 189132K [0x0000000080000000, 0x0000000100000000)
  region size 1024K, 48 young (49152K), 2 survivors (2048K)
 Metaspace       used 105547K, committed 106176K, reserved 1146880K
  class space    used 14487K, committed 14784K, reserved 1048576K
}
Event: 46.205 GC heap after
{Heap after GC invocations=60 (full 0):
 garbage-first heap   total 475136K, used 161792K [0x0000000080000000, 0x0000000100000000)
  region size 1024K, 6 young (6144K), 6 survivors (6144K)
 Metaspace       used 105547K, committed 106176K, reserved 1146880K
  class space    used 14487K, committed 14784K, reserved 1048576K
}

