# JRE version: OpenJDK Runtime Environment (17.0.6) (build 17.0.6+0-b2043.56-9586694)
# Java VM: OpenJDK 64-Bit Server VM (17.0.6+0-b2043.56-9586694, mixed mode, tiered, compressed oops, compressed class ptrs, g1 gc, windows-amd64)
GC Precious Log:
 CPUs: 4 total, 4 available
 Memory: 8067M
 Large Page Support: Disabled
 NUMA Support: Disabled
 Compressed Oops: Enabled (32-bit)
 Heap Region Size: 1M
 Heap Min Capacity: 8M
 Heap Initial Capacity: 128M
 Heap Max Capacity: 2G
 Pre-touch: Disabled
 Parallel Workers: 4
 Concurrent Workers: 1
 Concurrent Refinement Workers: 4
 Periodic GC: Disabled
Heap:
 garbage-first heap   total 452608K, used 348937K [0x0000000080000000, 0x0000000100000000)
  region size 1024K, 75 young (76800K), 9 survivors (9216K)
 Metaspace       used 138351K, committed 139456K, reserved 1171456K
  class space    used 18163K, committed 18688K, reserved 1048576K
GC Heap History (20 events):
Event: 34.053 GC heap before
{Heap before GC invocations=53 (full 0):
 garbage-first heap   total 302080K, used 226008K [0x0000000080000000, 0x0000000100000000)
  region size 1024K, 58 young (59392K), 7 survivors (7168K)
 Metaspace       used 98312K, committed 98944K, reserved 1138688K
  class space    used 13374K, committed 13696K, reserved 1048576K
}
Event: 34.084 GC heap after
{Heap after GC invocations=54 (full 0):
 garbage-first heap   total 302080K, used 182119K [0x0000000080000000, 0x0000000100000000)
  region size 1024K, 8 young (8192K), 8 survivors (8192K)
 Metaspace       used 98312K, committed 98944K, reserved 1138688K
  class space    used 13374K, committed 13696K, reserved 1048576K
}
Event: 34.297 GC heap before
{Heap before GC invocations=54 (full 0):
 garbage-first heap   total 302080K, used 188263K [0x0000000080000000, 0x0000000100000000)
  region size 1024K, 14 young (14336K), 8 survivors (8192K)
 Metaspace       used 99511K, committed 100224K, reserved 1138688K
  class space    used 13417K, committed 13760K, reserved 1048576K
}
Event: 34.314 GC heap after
{Heap after GC invocations=55 (full 0):
 garbage-first heap   total 302080K, used 182902K [0x0000000080000000, 0x0000000100000000)
  region size 1024K, 1 young (1024K), 1 survivors (1024K)
 Metaspace       used 99511K, committed 100224K, reserved 1138688K
  class space    used 13417K, committed 13760K, reserved 1048576K
}
Event: 36.634 GC heap before
{Heap before GC invocations=55 (full 0):
 garbage-first heap   total 302080K, used 241270K [0x0000000080000000, 0x0000000100000000)
  region size 1024K, 58 young (59392K), 1 survivors (1024K)
 Metaspace       used 107419K, committed 108160K, reserved 1146880K
  class space    used 14601K, committed 14976K, reserved 1048576K
}
Event: 36.649 GC heap after
{Heap after GC invocations=56 (full 0):
 garbage-first heap   total 430080K, used 186394K [0x0000000080000000, 0x0000000100000000)
  region size 1024K, 5 young (5120K), 5 survivors (5120K)
 Metaspace       used 107419K, committed 108160K, reserved 1146880K
  class space    used 14601K, committed 14976K, reserved 1048576K
}
Event: 43.167 GC heap before
{Heap before GC invocations=56 (full 0):
 garbage-first heap   total 430080K, used 356378K [0x0000000080000000, 0x0000000100000000)
  region size 1024K, 172 young (176128K), 5 survivors (5120K)
 Metaspace       used 116771K, committed 117632K, reserved 1155072K
  class space    used 15589K, committed 16000K, reserved 1048576K
}
Event: 43.206 GC heap after
{Heap after GC invocations=57 (full 0):
 garbage-first heap   total 430080K, used 200290K [0x0000000080000000, 0x0000000100000000)
  region size 1024K, 18 young (18432K), 18 survivors (18432K)
 Metaspace       used 116771K, committed 117632K, reserved 1155072K
  class space    used 15589K, committed 16000K, reserved 1048576K
}
Event: 1439.833 GC heap before
{Heap before GC invocations=57 (full 0):
 garbage-first heap   total 430080K, used 340578K [0x0000000080000000, 0x0000000100000000)
  region size 1024K, 156 young (159744K), 18 survivors (18432K)
 Metaspace       used 121382K, committed 122304K, reserved 1155072K
  class space    used 16165K, committed 16640K, reserved 1048576K
}
Event: 1440.030 GC heap after
{Heap after GC invocations=58 (full 0):
 garbage-first heap   total 430080K, used 212720K [0x0000000080000000, 0x0000000100000000)
  region size 1024K, 13 young (13312K), 13 survivors (13312K)
 Metaspace       used 121382K, committed 122304K, reserved 1155072K
  class space    used 16165K, committed 16640K, reserved 1048576K
}
Event: 1444.709 GC heap before
{Heap before GC invocations=59 (full 0):
 garbage-first heap   total 430080K, used 357104K [0x0000000080000000, 0x0000000100000000)
  region size 1024K, 144 young (147456K), 13 survivors (13312K)
 Metaspace       used 126879K, committed 127872K, reserved 1163264K
  class space    used 16849K, committed 17344K, reserved 1048576K
}
Event: 1444.871 GC heap after
{Heap after GC invocations=60 (full 0):
 garbage-first heap   total 430080K, used 241664K [0x0000000080000000, 0x0000000100000000)
  region size 1024K, 18 young (18432K), 18 survivors (18432K)
 Metaspace       used 126879K, committed 127872K, reserved 1163264K
  class space    used 16849K, committed 17344K, reserved 1048576K
}
Event: 1445.214 GC heap before
{Heap before GC invocations=60 (full 0):
 garbage-first heap   total 430080K, used 244736K [0x0000000080000000, 0x0000000100000000)
  region size 1024K, 21 young (21504K), 18 survivors (18432K)
 Metaspace       used 126881K, committed 127872K, reserved 1163264K
  class space    used 16849K, committed 17344K, reserved 1048576K
}
Event: 1445.296 GC heap after
{Heap after GC invocations=61 (full 0):
 garbage-first heap   total 430080K, used 244224K [0x0000000080000000, 0x0000000100000000)
  region size 1024K, 2 young (2048K), 2 survivors (2048K)
 Metaspace       used 126881K, committed 127872K, reserved 1163264K
  class space    used 16849K, committed 17344K, reserved 1048576K
}
Event: 1447.950 GC heap before
{Heap before GC invocations=61 (full 0):
 garbage-first heap   total 430080K, used 358912K [0x0000000080000000, 0x0000000100000000)
  region size 1024K, 99 young (101376K), 2 survivors (2048K)
 Metaspace       used 130463K, committed 131456K, reserved 1163264K
  class space    used 17140K, committed 17600K, reserved 1048576K
}
Event: 1447.975 GC heap after
{Heap after GC invocations=62 (full 0):
 garbage-first heap   total 430080K, used 253335K [0x0000000080000000, 0x0000000100000000)
  region size 1024K, 11 young (11264K), 11 survivors (11264K)
 Metaspace       used 130463K, committed 131456K, reserved 1163264K
  class space    used 17140K, committed 17600K, reserved 1048576K
}
Event: 1454.497 GC heap before
{Heap before GC invocations=62 (full 0):
 garbage-first heap   total 430080K, used 347543K [0x0000000080000000, 0x0000000100000000)
  region size 1024K, 104 young (106496K), 11 survivors (11264K)
 Metaspace       used 133390K, committed 134464K, reserved 1171456K
  class space    used 17483K, committed 17984K, reserved 1048576K
}
Event: 1454.522 GC heap after
{Heap after GC invocations=63 (full 0):
 garbage-first heap   total 430080K, used 248983K [0x0000000080000000, 0x0000000100000000)
  region size 1024K, 4 young (4096K), 4 survivors (4096K)
 Metaspace       used 133390K, committed 134464K, reserved 1171456K
  class space    used 17483K, committed 17984K, reserved 1048576K
}
Event: 1456.943 GC heap before
{Heap before GC invocations=63 (full 0):
 garbage-first heap   total 430080K, used 329879K [0x0000000080000000, 0x0000000100000000)
  region size 1024K, 82 young (83968K), 4 survivors (4096K)
 Metaspace       used 134837K, committed 135936K, reserved 1171456K
  class space    used 17666K, committed 18240K, reserved 1048576K
}
Event: 1456.964 GC heap after
{Heap after GC invocations=64 (full 0):
 garbage-first heap   total 430080K, used 256777K [0x0000000080000000, 0x0000000100000000)
  region size 1024K, 9 young (9216K), 9 survivors (9216K)
 Metaspace       used 134837K, committed 135936K, reserved 1171456K
  class space    used 17666K, committed 18240K, reserved 1048576K
}

